<?xml version="1.0" encoding="UTF-8"?>
<testsuite xmlns:xsi="http://www.w3.org/2001/XMLSchema-instance" xsi:noNamespaceSchemaLocation="https://maven.apache.org/surefire/maven-surefire-plugin/xsd/surefire-test-report.xsd" name="com.feather.algebraback.AlgebraBackApplicationTests" time="7.002" tests="2" errors="0" skipped="0" failures="0">
  <properties>
    <property name="sun.desktop" value="windows"/>
    <property name="awt.toolkit" value="sun.awt.windows.WToolkit"/>
    <property name="file.encoding.pkg" value="sun.io"/>
    <property name="java.specification.version" value="1.8"/>
    <property name="sun.cpu.isalist" value="amd64"/>
    <property name="sun.jnu.encoding" value="GBK"/>
    <property name="java.class.path" value="D:\Coding\IDEA\algebra\algebra-back\target\test-classes;D:\Coding\IDEA\algebra\algebra-back\target\classes;D:\Location\Software\maven\maven-repository\com\alibaba\druid-spring-boot-starter\1.1.17\druid-spring-boot-starter-1.1.17.jar;D:\Location\Software\maven\maven-repository\com\alibaba\druid\1.1.17\druid-1.1.17.jar;D:\Location\Software\maven\maven-repository\org\slf4j\slf4j-api\1.7.30\slf4j-api-1.7.30.jar;D:\Location\Software\maven\maven-repository\org\springframework\boot\spring-boot-autoconfigure\2.4.3\spring-boot-autoconfigure-2.4.3.jar;D:\Location\Software\maven\maven-repository\com\baomidou\mybatis-plus-boot-starter\3.4.1\mybatis-plus-boot-starter-3.4.1.jar;D:\Location\Software\maven\maven-repository\com\baomidou\mybatis-plus\3.4.1\mybatis-plus-3.4.1.jar;D:\Location\Software\maven\maven-repository\com\baomidou\mybatis-plus-extension\3.4.1\mybatis-plus-extension-3.4.1.jar;D:\Location\Software\maven\maven-repository\com\baomidou\mybatis-plus-core\3.4.1\mybatis-plus-core-3.4.1.jar;D:\Location\Software\maven\maven-repository\com\baomidou\mybatis-plus-annotation\3.4.1\mybatis-plus-annotation-3.4.1.jar;D:\Location\Software\maven\maven-repository\com\github\jsqlparser\jsqlparser\3.2\jsqlparser-3.2.jar;D:\Location\Software\maven\maven-repository\org\mybatis\mybatis\3.5.6\mybatis-3.5.6.jar;D:\Location\Software\maven\maven-repository\org\mybatis\mybatis-spring\2.0.5\mybatis-spring-2.0.5.jar;D:\Location\Software\maven\maven-repository\org\springframework\boot\spring-boot-starter-jdbc\2.4.3\spring-boot-starter-jdbc-2.4.3.jar;D:\Location\Software\maven\maven-repository\com\zaxxer\HikariCP\3.4.5\HikariCP-3.4.5.jar;D:\Location\Software\maven\maven-repository\org\springframework\spring-jdbc\5.3.4\spring-jdbc-5.3.4.jar;D:\Location\Software\maven\maven-repository\org\springframework\spring-tx\5.3.4\spring-tx-5.3.4.jar;D:\Location\Software\maven\maven-repository\org\springframework\boot\spring-boot-starter-mail\2.4.3\spring-boot-starter-mail-2.4.3.jar;D:\Location\Software\maven\maven-repository\org\springframework\boot\spring-boot-starter\2.4.3\spring-boot-starter-2.4.3.jar;D:\Location\Software\maven\maven-repository\org\springframework\boot\spring-boot-starter-logging\2.4.3\spring-boot-starter-logging-2.4.3.jar;D:\Location\Software\maven\maven-repository\ch\qos\logback\logback-classic\1.2.3\logback-classic-1.2.3.jar;D:\Location\Software\maven\maven-repository\ch\qos\logback\logback-core\1.2.3\logback-core-1.2.3.jar;D:\Location\Software\maven\maven-repository\org\apache\logging\log4j\log4j-to-slf4j\2.13.3\log4j-to-slf4j-2.13.3.jar;D:\Location\Software\maven\maven-repository\org\apache\logging\log4j\log4j-api\2.13.3\log4j-api-2.13.3.jar;D:\Location\Software\maven\maven-repository\org\slf4j\jul-to-slf4j\1.7.30\jul-to-slf4j-1.7.30.jar;D:\Location\Software\maven\maven-repository\jakarta\annotation\jakarta.annotation-api\1.3.5\jakarta.annotation-api-1.3.5.jar;D:\Location\Software\maven\maven-repository\org\yaml\snakeyaml\1.27\snakeyaml-1.27.jar;D:\Location\Software\maven\maven-repository\org\springframework\spring-context-support\5.3.4\spring-context-support-5.3.4.jar;D:\Location\Software\maven\maven-repository\org\springframework\spring-beans\5.3.4\spring-beans-5.3.4.jar;D:\Location\Software\maven\maven-repository\org\springframework\spring-context\5.3.4\spring-context-5.3.4.jar;D:\Location\Software\maven\maven-repository\com\sun\mail\jakarta.mail\1.6.5\jakarta.mail-1.6.5.jar;D:\Location\Software\maven\maven-repository\com\sun\activation\jakarta.activation\1.2.2\jakarta.activation-1.2.2.jar;D:\Location\Software\maven\maven-repository\org\springframework\boot\spring-boot-starter-web\2.4.3\spring-boot-starter-web-2.4.3.jar;D:\Location\Software\maven\maven-repository\org\springframework\boot\spring-boot-starter-json\2.4.3\spring-boot-starter-json-2.4.3.jar;D:\Location\Software\maven\maven-repository\com\fasterxml\jackson\datatype\jackson-datatype-jdk8\2.11.4\jackson-datatype-jdk8-2.11.4.jar;D:\Location\Software\maven\maven-repository\com\fasterxml\jackson\datatype\jackson-datatype-jsr310\2.11.4\jackson-datatype-jsr310-2.11.4.jar;D:\Location\Software\maven\maven-repository\com\fasterxml\jackson\module\jackson-module-parameter-names\2.11.4\jackson-module-parameter-names-2.11.4.jar;D:\Location\Software\maven\maven-repository\org\springframework\boot\spring-boot-starter-tomcat\2.4.3\spring-boot-starter-tomcat-2.4.3.jar;D:\Location\Software\maven\maven-repository\org\apache\tomcat\embed\tomcat-embed-core\9.0.43\tomcat-embed-core-9.0.43.jar;D:\Location\Software\maven\maven-repository\org\glassfish\jakarta.el\3.0.3\jakarta.el-3.0.3.jar;D:\Location\Software\maven\maven-repository\org\apache\tomcat\embed\tomcat-embed-websocket\9.0.43\tomcat-embed-websocket-9.0.43.jar;D:\Location\Software\maven\maven-repository\org\springframework\spring-web\5.3.4\spring-web-5.3.4.jar;D:\Location\Software\maven\maven-repository\org\springframework\spring-webmvc\5.3.4\spring-webmvc-5.3.4.jar;D:\Location\Software\maven\maven-repository\org\springframework\spring-expression\5.3.4\spring-expression-5.3.4.jar;D:\Location\Software\maven\maven-repository\org\springframework\boot\spring-boot-devtools\2.4.3\spring-boot-devtools-2.4.3.jar;D:\Location\Software\maven\maven-repository\org\springframework\boot\spring-boot\2.4.3\spring-boot-2.4.3.jar;D:\Location\Software\maven\maven-repository\mysql\mysql-connector-java\5.1.37\mysql-connector-java-5.1.37.jar;D:\Location\Software\maven\maven-repository\org\springframework\boot\spring-boot-configuration-processor\2.4.3\spring-boot-configuration-processor-2.4.3.jar;D:\Location\Software\maven\maven-repository\org\projectlombok\lombok\1.18.18\lombok-1.18.18.jar;D:\Location\Software\maven\maven-repository\org\springframework\boot\spring-boot-starter-test\2.4.3\spring-boot-starter-test-2.4.3.jar;D:\Location\Software\maven\maven-repository\org\springframework\boot\spring-boot-test\2.4.3\spring-boot-test-2.4.3.jar;D:\Location\Software\maven\maven-repository\org\springframework\boot\spring-boot-test-autoconfigure\2.4.3\spring-boot-test-autoconfigure-2.4.3.jar;D:\Location\Software\maven\maven-repository\com\jayway\jsonpath\json-path\2.4.0\json-path-2.4.0.jar;D:\Location\Software\maven\maven-repository\net\minidev\json-smart\2.3\json-smart-2.3.jar;D:\Location\Software\maven\maven-repository\net\minidev\accessors-smart\1.2\accessors-smart-1.2.jar;D:\Location\Software\maven\maven-repository\org\ow2\asm\asm\5.0.4\asm-5.0.4.jar;D:\Location\Software\maven\maven-repository\jakarta\xml\bind\jakarta.xml.bind-api\2.3.3\jakarta.xml.bind-api-2.3.3.jar;D:\Location\Software\maven\maven-repository\jakarta\activation\jakarta.activation-api\1.2.2\jakarta.activation-api-1.2.2.jar;D:\Location\Software\maven\maven-repository\org\assertj\assertj-core\3.18.1\assertj-core-3.18.1.jar;D:\Location\Software\maven\maven-repository\org\hamcrest\hamcrest\2.2\hamcrest-2.2.jar;D:\Location\Software\maven\maven-repository\org\junit\jupiter\junit-jupiter\5.7.1\junit-jupiter-5.7.1.jar;D:\Location\Software\maven\maven-repository\org\junit\jupiter\junit-jupiter-api\5.7.1\junit-jupiter-api-5.7.1.jar;D:\Location\Software\maven\maven-repository\org\apiguardian\apiguardian-api\1.1.0\apiguardian-api-1.1.0.jar;D:\Location\Software\maven\maven-repository\org\opentest4j\opentest4j\1.2.0\opentest4j-1.2.0.jar;D:\Location\Software\maven\maven-repository\org\junit\platform\junit-platform-commons\1.7.1\junit-platform-commons-1.7.1.jar;D:\Location\Software\maven\maven-repository\org\junit\jupiter\junit-jupiter-params\5.7.1\junit-jupiter-params-5.7.1.jar;D:\Location\Software\maven\maven-repository\org\junit\jupiter\junit-jupiter-engine\5.7.1\junit-jupiter-engine-5.7.1.jar;D:\Location\Software\maven\maven-repository\org\junit\platform\junit-platform-engine\1.7.1\junit-platform-engine-1.7.1.jar;D:\Location\Software\maven\maven-repository\org\mockito\mockito-core\3.6.28\mockito-core-3.6.28.jar;D:\Location\Software\maven\maven-repository\net\bytebuddy\byte-buddy\1.10.20\byte-buddy-1.10.20.jar;D:\Location\Software\maven\maven-repository\net\bytebuddy\byte-buddy-agent\1.10.20\byte-buddy-agent-1.10.20.jar;D:\Location\Software\maven\maven-repository\org\objenesis\objenesis\3.1\objenesis-3.1.jar;D:\Location\Software\maven\maven-repository\org\mockito\mockito-junit-jupiter\3.6.28\mockito-junit-jupiter-3.6.28.jar;D:\Location\Software\maven\maven-repository\org\skyscreamer\jsonassert\1.5.0\jsonassert-1.5.0.jar;D:\Location\Software\maven\maven-repository\com\vaadin\external\google\android-json\0.0.20131108.vaadin1\android-json-0.0.20131108.vaadin1.jar;D:\Location\Software\maven\maven-repository\org\springframework\spring-core\5.3.4\spring-core-5.3.4.jar;D:\Location\Software\maven\maven-repository\org\springframework\spring-jcl\5.3.4\spring-jcl-5.3.4.jar;D:\Location\Software\maven\maven-repository\org\springframework\spring-test\5.3.4\spring-test-5.3.4.jar;D:\Location\Software\maven\maven-repository\org\xmlunit\xmlunit-core\2.7.0\xmlunit-core-2.7.0.jar;D:\Location\Software\maven\maven-repository\org\springframework\boot\spring-boot-starter-security\2.4.3\spring-boot-starter-security-2.4.3.jar;D:\Location\Software\maven\maven-repository\org\springframework\spring-aop\5.3.4\spring-aop-5.3.4.jar;D:\Location\Software\maven\maven-repository\org\springframework\security\spring-security-config\5.4.5\spring-security-config-5.4.5.jar;D:\Location\Software\maven\maven-repository\org\springframework\security\spring-security-core\5.4.5\spring-security-core-5.4.5.jar;D:\Location\Software\maven\maven-repository\org\springframework\security\spring-security-web\5.4.5\spring-security-web-5.4.5.jar;D:\Location\Software\maven\maven-repository\io\jsonwebtoken\jjwt\0.9.0\jjwt-0.9.0.jar;D:\Location\Software\maven\maven-repository\com\fasterxml\jackson\core\jackson-databind\2.11.4\jackson-databind-2.11.4.jar;D:\Location\Software\maven\maven-repository\com\fasterxml\jackson\core\jackson-annotations\2.11.4\jackson-annotations-2.11.4.jar;D:\Location\Software\maven\maven-repository\com\fasterxml\jackson\core\jackson-core\2.11.4\jackson-core-2.11.4.jar;D:\Location\Software\maven\maven-repository\gov\nist\math\jama\1.0.3\jama-1.0.3.jar;D:\Location\Software\maven\maven-repository\org\springframework\boot\spring-boot-starter-thymeleaf\2.4.3\spring-boot-starter-thymeleaf-2.4.3.jar;D:\Location\Software\maven\maven-repository\org\thymeleaf\thymeleaf-spring5\3.0.12.RELEASE\thymeleaf-spring5-3.0.12.RELEASE.jar;D:\Location\Software\maven\maven-repository\org\thymeleaf\thymeleaf\3.0.12.RELEASE\thymeleaf-3.0.12.RELEASE.jar;D:\Location\Software\maven\maven-repository\org\attoparser\attoparser\2.0.5.RELEASE\attoparser-2.0.5.RELEASE.jar;D:\Location\Software\maven\maven-repository\org\unbescape\unbescape\1.1.6.RELEASE\unbescape-1.1.6.RELEASE.jar;D:\Location\Software\maven\maven-repository\org\thymeleaf\extras\thymeleaf-extras-java8time\3.0.4.RELEASE\thymeleaf-extras-java8time-3.0.4.RELEASE.jar;"/>
    <property name="java.vm.vendor" value="Oracle Corporation"/>
    <property name="sun.arch.data.model" value="64"/>
    <property name="user.variant" value=""/>
    <property name="java.vendor.url" value="http://java.oracle.com/"/>
    <property name="user.timezone" value="Asia/Shanghai"/>
    <property name="java.vm.specification.version" value="1.8"/>
    <property name="os.name" value="Windows 10"/>
    <property name="user.country" value="CN"/>
    <property name="sun.java.launcher" value="SUN_STANDARD"/>
    <property name="sun.boot.library.path" value="D:\Location\Environment\Java\jdk1.8\jre\bin"/>
    <property name="sun.java.command" value="C:\Users\万梓豪\AppData\Local\Temp\surefire1392346131218476079\surefirebooter2422342293357927125.jar C:\Users\万梓豪\AppData\Local\Temp\surefire1392346131218476079 2021-05-06T11-17-55_762-jvmRun1 surefire3255506176490147046tmp surefire_03912497936131403945tmp"/>
    <property name="surefire.test.class.path" value="D:\Coding\IDEA\algebra\algebra-back\target\test-classes;D:\Coding\IDEA\algebra\algebra-back\target\classes;D:\Location\Software\maven\maven-repository\com\alibaba\druid-spring-boot-starter\1.1.17\druid-spring-boot-starter-1.1.17.jar;D:\Location\Software\maven\maven-repository\com\alibaba\druid\1.1.17\druid-1.1.17.jar;D:\Location\Software\maven\maven-repository\org\slf4j\slf4j-api\1.7.30\slf4j-api-1.7.30.jar;D:\Location\Software\maven\maven-repository\org\springframework\boot\spring-boot-autoconfigure\2.4.3\spring-boot-autoconfigure-2.4.3.jar;D:\Location\Software\maven\maven-repository\com\baomidou\mybatis-plus-boot-starter\3.4.1\mybatis-plus-boot-starter-3.4.1.jar;D:\Location\Software\maven\maven-repository\com\baomidou\mybatis-plus\3.4.1\mybatis-plus-3.4.1.jar;D:\Location\Software\maven\maven-repository\com\baomidou\mybatis-plus-extension\3.4.1\mybatis-plus-extension-3.4.1.jar;D:\Location\Software\maven\maven-repository\com\baomidou\mybatis-plus-core\3.4.1\mybatis-plus-core-3.4.1.jar;D:\Location\Software\maven\maven-repository\com\baomidou\mybatis-plus-annotation\3.4.1\mybatis-plus-annotation-3.4.1.jar;D:\Location\Software\maven\maven-repository\com\github\jsqlparser\jsqlparser\3.2\jsqlparser-3.2.jar;D:\Location\Software\maven\maven-repository\org\mybatis\mybatis\3.5.6\mybatis-3.5.6.jar;D:\Location\Software\maven\maven-repository\org\mybatis\mybatis-spring\2.0.5\mybatis-spring-2.0.5.jar;D:\Location\Software\maven\maven-repository\org\springframework\boot\spring-boot-starter-jdbc\2.4.3\spring-boot-starter-jdbc-2.4.3.jar;D:\Location\Software\maven\maven-repository\com\zaxxer\HikariCP\3.4.5\HikariCP-3.4.5.jar;D:\Location\Software\maven\maven-repository\org\springframework\spring-jdbc\5.3.4\spring-jdbc-5.3.4.jar;D:\Location\Software\maven\maven-repository\org\springframework\spring-tx\5.3.4\spring-tx-5.3.4.jar;D:\Location\Software\maven\maven-repository\org\springframework\boot\spring-boot-starter-mail\2.4.3\spring-boot-starter-mail-2.4.3.jar;D:\Location\Software\maven\maven-repository\org\springframework\boot\spring-boot-starter\2.4.3\spring-boot-starter-2.4.3.jar;D:\Location\Software\maven\maven-repository\org\springframework\boot\spring-boot-starter-logging\2.4.3\spring-boot-starter-logging-2.4.3.jar;D:\Location\Software\maven\maven-repository\ch\qos\logback\logback-classic\1.2.3\logback-classic-1.2.3.jar;D:\Location\Software\maven\maven-repository\ch\qos\logback\logback-core\1.2.3\logback-core-1.2.3.jar;D:\Location\Software\maven\maven-repository\org\apache\logging\log4j\log4j-to-slf4j\2.13.3\log4j-to-slf4j-2.13.3.jar;D:\Location\Software\maven\maven-repository\org\apache\logging\log4j\log4j-api\2.13.3\log4j-api-2.13.3.jar;D:\Location\Software\maven\maven-repository\org\slf4j\jul-to-slf4j\1.7.30\jul-to-slf4j-1.7.30.jar;D:\Location\Software\maven\maven-repository\jakarta\annotation\jakarta.annotation-api\1.3.5\jakarta.annotation-api-1.3.5.jar;D:\Location\Software\maven\maven-repository\org\yaml\snakeyaml\1.27\snakeyaml-1.27.jar;D:\Location\Software\maven\maven-repository\org\springframework\spring-context-support\5.3.4\spring-context-support-5.3.4.jar;D:\Location\Software\maven\maven-repository\org\springframework\spring-beans\5.3.4\spring-beans-5.3.4.jar;D:\Location\Software\maven\maven-repository\org\springframework\spring-context\5.3.4\spring-context-5.3.4.jar;D:\Location\Software\maven\maven-repository\com\sun\mail\jakarta.mail\1.6.5\jakarta.mail-1.6.5.jar;D:\Location\Software\maven\maven-repository\com\sun\activation\jakarta.activation\1.2.2\jakarta.activation-1.2.2.jar;D:\Location\Software\maven\maven-repository\org\springframework\boot\spring-boot-starter-web\2.4.3\spring-boot-starter-web-2.4.3.jar;D:\Location\Software\maven\maven-repository\org\springframework\boot\spring-boot-starter-json\2.4.3\spring-boot-starter-json-2.4.3.jar;D:\Location\Software\maven\maven-repository\com\fasterxml\jackson\datatype\jackson-datatype-jdk8\2.11.4\jackson-datatype-jdk8-2.11.4.jar;D:\Location\Software\maven\maven-repository\com\fasterxml\jackson\datatype\jackson-datatype-jsr310\2.11.4\jackson-datatype-jsr310-2.11.4.jar;D:\Location\Software\maven\maven-repository\com\fasterxml\jackson\module\jackson-module-parameter-names\2.11.4\jackson-module-parameter-names-2.11.4.jar;D:\Location\Software\maven\maven-repository\org\springframework\boot\spring-boot-starter-tomcat\2.4.3\spring-boot-starter-tomcat-2.4.3.jar;D:\Location\Software\maven\maven-repository\org\apache\tomcat\embed\tomcat-embed-core\9.0.43\tomcat-embed-core-9.0.43.jar;D:\Location\Software\maven\maven-repository\org\glassfish\jakarta.el\3.0.3\jakarta.el-3.0.3.jar;D:\Location\Software\maven\maven-repository\org\apache\tomcat\embed\tomcat-embed-websocket\9.0.43\tomcat-embed-websocket-9.0.43.jar;D:\Location\Software\maven\maven-repository\org\springframework\spring-web\5.3.4\spring-web-5.3.4.jar;D:\Location\Software\maven\maven-repository\org\springframework\spring-webmvc\5.3.4\spring-webmvc-5.3.4.jar;D:\Location\Software\maven\maven-repository\org\springframework\spring-expression\5.3.4\spring-expression-5.3.4.jar;D:\Location\Software\maven\maven-repository\org\springframework\boot\spring-boot-devtools\2.4.3\spring-boot-devtools-2.4.3.jar;D:\Location\Software\maven\maven-repository\org\springframework\boot\spring-boot\2.4.3\spring-boot-2.4.3.jar;D:\Location\Software\maven\maven-repository\mysql\mysql-connector-java\5.1.37\mysql-connector-java-5.1.37.jar;D:\Location\Software\maven\maven-repository\org\springframework\boot\spring-boot-configuration-processor\2.4.3\spring-boot-configuration-processor-2.4.3.jar;D:\Location\Software\maven\maven-repository\org\projectlombok\lombok\1.18.18\lombok-1.18.18.jar;D:\Location\Software\maven\maven-repository\org\springframework\boot\spring-boot-starter-test\2.4.3\spring-boot-starter-test-2.4.3.jar;D:\Location\Software\maven\maven-repository\org\springframework\boot\spring-boot-test\2.4.3\spring-boot-test-2.4.3.jar;D:\Location\Software\maven\maven-repository\org\springframework\boot\spring-boot-test-autoconfigure\2.4.3\spring-boot-test-autoconfigure-2.4.3.jar;D:\Location\Software\maven\maven-repository\com\jayway\jsonpath\json-path\2.4.0\json-path-2.4.0.jar;D:\Location\Software\maven\maven-repository\net\minidev\json-smart\2.3\json-smart-2.3.jar;D:\Location\Software\maven\maven-repository\net\minidev\accessors-smart\1.2\accessors-smart-1.2.jar;D:\Location\Software\maven\maven-repository\org\ow2\asm\asm\5.0.4\asm-5.0.4.jar;D:\Location\Software\maven\maven-repository\jakarta\xml\bind\jakarta.xml.bind-api\2.3.3\jakarta.xml.bind-api-2.3.3.jar;D:\Location\Software\maven\maven-repository\jakarta\activation\jakarta.activation-api\1.2.2\jakarta.activation-api-1.2.2.jar;D:\Location\Software\maven\maven-repository\org\assertj\assertj-core\3.18.1\assertj-core-3.18.1.jar;D:\Location\Software\maven\maven-repository\org\hamcrest\hamcrest\2.2\hamcrest-2.2.jar;D:\Location\Software\maven\maven-repository\org\junit\jupiter\junit-jupiter\5.7.1\junit-jupiter-5.7.1.jar;D:\Location\Software\maven\maven-repository\org\junit\jupiter\junit-jupiter-api\5.7.1\junit-jupiter-api-5.7.1.jar;D:\Location\Software\maven\maven-repository\org\apiguardian\apiguardian-api\1.1.0\apiguardian-api-1.1.0.jar;D:\Location\Software\maven\maven-repository\org\opentest4j\opentest4j\1.2.0\opentest4j-1.2.0.jar;D:\Location\Software\maven\maven-repository\org\junit\platform\junit-platform-commons\1.7.1\junit-platform-commons-1.7.1.jar;D:\Location\Software\maven\maven-repository\org\junit\jupiter\junit-jupiter-params\5.7.1\junit-jupiter-params-5.7.1.jar;D:\Location\Software\maven\maven-repository\org\junit\jupiter\junit-jupiter-engine\5.7.1\junit-jupiter-engine-5.7.1.jar;D:\Location\Software\maven\maven-repository\org\junit\platform\junit-platform-engine\1.7.1\junit-platform-engine-1.7.1.jar;D:\Location\Software\maven\maven-repository\org\mockito\mockito-core\3.6.28\mockito-core-3.6.28.jar;D:\Location\Software\maven\maven-repository\net\bytebuddy\byte-buddy\1.10.20\byte-buddy-1.10.20.jar;D:\Location\Software\maven\maven-repository\net\bytebuddy\byte-buddy-agent\1.10.20\byte-buddy-agent-1.10.20.jar;D:\Location\Software\maven\maven-repository\org\objenesis\objenesis\3.1\objenesis-3.1.jar;D:\Location\Software\maven\maven-repository\org\mockito\mockito-junit-jupiter\3.6.28\mockito-junit-jupiter-3.6.28.jar;D:\Location\Software\maven\maven-repository\org\skyscreamer\jsonassert\1.5.0\jsonassert-1.5.0.jar;D:\Location\Software\maven\maven-repository\com\vaadin\external\google\android-json\0.0.20131108.vaadin1\android-json-0.0.20131108.vaadin1.jar;D:\Location\Software\maven\maven-repository\org\springframework\spring-core\5.3.4\spring-core-5.3.4.jar;D:\Location\Software\maven\maven-repository\org\springframework\spring-jcl\5.3.4\spring-jcl-5.3.4.jar;D:\Location\Software\maven\maven-repository\org\springframework\spring-test\5.3.4\spring-test-5.3.4.jar;D:\Location\Software\maven\maven-repository\org\xmlunit\xmlunit-core\2.7.0\xmlunit-core-2.7.0.jar;D:\Location\Software\maven\maven-repository\org\springframework\boot\spring-boot-starter-security\2.4.3\spring-boot-starter-security-2.4.3.jar;D:\Location\Software\maven\maven-repository\org\springframework\spring-aop\5.3.4\spring-aop-5.3.4.jar;D:\Location\Software\maven\maven-repository\org\springframework\security\spring-security-config\5.4.5\spring-security-config-5.4.5.jar;D:\Location\Software\maven\maven-repository\org\springframework\security\spring-security-core\5.4.5\spring-security-core-5.4.5.jar;D:\Location\Software\maven\maven-repository\org\springframework\security\spring-security-web\5.4.5\spring-security-web-5.4.5.jar;D:\Location\Software\maven\maven-repository\io\jsonwebtoken\jjwt\0.9.0\jjwt-0.9.0.jar;D:\Location\Software\maven\maven-repository\com\fasterxml\jackson\core\jackson-databind\2.11.4\jackson-databind-2.11.4.jar;D:\Location\Software\maven\maven-repository\com\fasterxml\jackson\core\jackson-annotations\2.11.4\jackson-annotations-2.11.4.jar;D:\Location\Software\maven\maven-repository\com\fasterxml\jackson\core\jackson-core\2.11.4\jackson-core-2.11.4.jar;D:\Location\Software\maven\maven-repository\gov\nist\math\jama\1.0.3\jama-1.0.3.jar;D:\Location\Software\maven\maven-repository\org\springframework\boot\spring-boot-starter-thymeleaf\2.4.3\spring-boot-starter-thymeleaf-2.4.3.jar;D:\Location\Software\maven\maven-repository\org\thymeleaf\thymeleaf-spring5\3.0.12.RELEASE\thymeleaf-spring5-3.0.12.RELEASE.jar;D:\Location\Software\maven\maven-repository\org\thymeleaf\thymeleaf\3.0.12.RELEASE\thymeleaf-3.0.12.RELEASE.jar;D:\Location\Software\maven\maven-repository\org\attoparser\attoparser\2.0.5.RELEASE\attoparser-2.0.5.RELEASE.jar;D:\Location\Software\maven\maven-repository\org\unbescape\unbescape\1.1.6.RELEASE\unbescape-1.1.6.RELEASE.jar;D:\Location\Software\maven\maven-repository\org\thymeleaf\extras\thymeleaf-extras-java8time\3.0.4.RELEASE\thymeleaf-extras-java8time-3.0.4.RELEASE.jar;"/>
    <property name="sun.cpu.endian" value="little"/>
    <property name="user.home" value="C:\Users\万梓豪"/>
    <property name="user.language" value="zh"/>
    <property name="java.specification.vendor" value="Oracle Corporation"/>
    <property name="java.home" value="D:\Location\Environment\Java\jdk1.8\jre"/>
    <property name="basedir" value="D:\Coding\IDEA\algebra\algebra-back"/>
    <property name="file.separator" value="\"/>
    <property name="line.separator" value="&#10;"/>
    <property name="java.vm.specification.vendor" value="Oracle Corporation"/>
    <property name="java.specification.name" value="Java Platform API Specification"/>
    <property name="java.awt.graphicsenv" value="sun.awt.Win32GraphicsEnvironment"/>
    <property name="surefire.real.class.path" value="C:\Users\万梓豪\AppData\Local\Temp\surefire1392346131218476079\surefirebooter2422342293357927125.jar"/>
    <property name="sun.boot.class.path" value="D:\Location\Environment\Java\jdk1.8\jre\lib\resources.jar;D:\Location\Environment\Java\jdk1.8\jre\lib\rt.jar;D:\Location\Environment\Java\jdk1.8\jre\lib\sunrsasign.jar;D:\Location\Environment\Java\jdk1.8\jre\lib\jsse.jar;D:\Location\Environment\Java\jdk1.8\jre\lib\jce.jar;D:\Location\Environment\Java\jdk1.8\jre\lib\charsets.jar;D:\Location\Environment\Java\jdk1.8\jre\lib\jfr.jar;D:\Location\Environment\Java\jdk1.8\jre\classes"/>
    <property name="user.script" value=""/>
    <property name="sun.management.compiler" value="HotSpot 64-Bit Tiered Compilers"/>
    <property name="java.runtime.version" value="1.8.0_251-b08"/>
    <property name="user.name" value="万梓豪"/>
    <property name="path.separator" value=";"/>
    <property name="os.version" value="10.0"/>
    <property name="java.endorsed.dirs" value="D:\Location\Environment\Java\jdk1.8\jre\lib\endorsed"/>
    <property name="java.runtime.name" value="Java(TM) SE Runtime Environment"/>
    <property name="file.encoding" value="GBK"/>
    <property name="java.vm.name" value="Java HotSpot(TM) 64-Bit Server VM"/>
    <property name="localRepository" value="D:\Location\Software\maven\maven-repository"/>
    <property name="java.vendor.url.bug" value="http://bugreport.sun.com/bugreport/"/>
    <property name="java.io.tmpdir" value="C:\Users\万梓豪\AppData\Local\Temp\"/>
    <property name="idea.version" value="2021.1.1"/>
    <property name="java.version" value="1.8.0_251"/>
    <property name="user.dir" value="D:\Coding\IDEA\algebra\algebra-back"/>
    <property name="os.arch" value="amd64"/>
    <property name="java.vm.specification.name" value="Java Virtual Machine Specification"/>
    <property name="java.awt.printerjob" value="sun.awt.windows.WPrinterJob"/>
    <property name="sun.os.patch.level" value=""/>
    <property name="java.library.path" value="D:\Location\Environment\Java\jdk1.8\jre\bin;C:\Windows\Sun\Java\bin;C:\Windows\system32;C:\Windows;C:\Windows\system32;C:\Windows;C:\Windows\System32\Wbem;C:\Windows\System32\WindowsPowerShell\v1.0\;C:\Windows\System32\OpenSSH\;C:\Program Files (x86)\NVIDIA Corporation\PhysX\Common;C:\Program Files\NVIDIA Corporation\NVIDIA NvDLISR;D:\Location\Software\maven\apache-maven-3.6.3\bin;D:\Location\Software\vscode\Microsoft VS Code\bin;D:\Location\Environment\Java\jdk1.8\bin;D:\Location\Environment\Java\jdk1.8\jre\bin;D:\Location\Software\xshell\;%MYSQL_HOME%\bin;%MINGW_HOME%\bin;D:\Location\Software\xftp\;D:\Location\Software\node\;D:\Location\Software\node\node_global;D:\Location\Software\anaconda;D:\Location\Software\anaconda\Scripts;D:\Location\Software\anaconda\Library\bin;D:\Location\Software\anaconda\Library\mingw-w64\bin;C:\Users\万梓豪\AppData\Local\Microsoft\WindowsApps;D:\Location\Application\bandizip\;D:\Location\Software\idea\IntelliJ IDEA 2021.1.1\bin;;C:\Users\万梓豪\AppData\Roaming\npm;."/>
    <property name="java.vm.info" value="mixed mode"/>
    <property name="java.vendor" value="Oracle Corporation"/>
    <property name="java.vm.version" value="25.251-b08"/>
    <property name="java.ext.dirs" value="D:\Location\Environment\Java\jdk1.8\jre\lib\ext;C:\Windows\Sun\Java\lib\ext"/>
    <property name="sun.io.unicode.encoding" value="UnicodeLittle"/>
    <property name="maven.repo.local" value="D:/Location/Software/maven/maven-repository"/>
    <property name="java.class.version" value="52.0"/>
  </properties>
  <testcase name="test" classname="com.feather.algebraback.AlgebraBackApplicationTests" time="2.492"/>
  <testcase name="ThreadTest" classname="com.feather.algebraback.AlgebraBackApplicationTests" time="0.016"/>
</testsuite>